# configure exec: ./configure 
# On Thu 30 Mar 2017 21:47:59 IST
DBG: ccenv: WITH_CC:  --version failed: mklove/modules/configure.base: line 1114: --version: command not found
DBG: Check ccenv (WITH_CC, action cont (originally cont)) failed: command ' --version' failed:
mklove/modules/configure.base: line 1114: --version: command not found
DBG: cxxenv: WITH_CXX:  --version failed: mklove/modules/configure.base: line 1114: --version: command not found
DBG: Check cxxenv (WITH_CXX, action cont (originally cont)) failed: command ' --version' failed:
mklove/modules/configure.base: line 1114: --version: command not found
DBG: Compile check cc_g_dwarf (): gcc   -Wall -Werror -gstrict-dwarf _mkltmpXcT4l8.c -o _mkltmpXcT4l8.c.o  
DBG: pkgconfig: WITH_PKGCONFIG: pkg-config --version failed: mklove/modules/configure.base: line 1114: pkg-config: command not found
DBG: Check pkgconfig (WITH_PKGCONFIG, action cont (originally cont)) failed: command 'pkg-config --version' failed:
mklove/modules/configure.base: line 1114: pkg-config: command not found
DBG: install: WITH_INSTALL: install --version failed: install: illegal option -- -
usage: install [-bCcpSsv] [-B suffix] [-f flags] [-g group] [-m mode]
               [-o owner] file1 file2
       install [-bCcpSsv] [-B suffix] [-f flags] [-g group] [-m mode]
               [-o owner] file1 ... fileN directory
       install -d [-v] [-g group] [-m mode] [-o owner] directory ...
DBG: Check install (WITH_INSTALL, action cont (originally cont)) failed: command 'install --version' failed:
install: illegal option -- -
usage: install [-bCcpSsv] [-B suffix] [-f flags] [-g group] [-m mode]
               [-o owner] file1 file2
       install [-bCcpSsv] [-B suffix] [-f flags] [-g group] [-m mode]
               [-o owner] file1 ... fileN directory
       install -d [-v] [-g group] [-m mode] [-o owner] directory ...
DBG: Compile check PIC (HAVE_PIC): gcc  -gstrict-dwarf -O2 -Wall -Werror -fPIC _mkltmpbq5caD.c -o _mkltmpbq5caD.c.o  
DBG: Compile check gnulib (WITH_GNULD): gcc  -gstrict-dwarf -O2 -fPIC -Wall -Werror -shared -Wl,-soname,mkltest.0 _mkltmpr2XqRQ.c -o _mkltmpr2XqRQ.c.o  
DBG: compile check for gnulib (WITH_GNULD) failed: gcc  -gstrict-dwarf -O2 -fPIC -Wall -Werror -shared -Wl,-soname,mkltest.0 _mkltmpr2XqRQ.c -o _mkltmpr2XqRQ.c.o  : ld: unknown option: -soname
clang: error: linker command failed with exit code 1 (use -v to see invocation)
DBG: Check gnulib (WITH_GNULD, action cont (originally cont)) failed: compile check failed:
CC: CC
flags: -shared -Wl,-soname,mkltest.0
gcc  -gstrict-dwarf -O2 -fPIC -Wall -Werror -shared -Wl,-soname,mkltest.0 _mkltmpr2XqRQ.c -o _mkltmpr2XqRQ.c.o  :
ld: unknown option: -soname
clang: error: linker command failed with exit code 1 (use -v to see invocation)
source: 
DBG: Compile check osxlib (WITH_OSXLD): gcc  -gstrict-dwarf -O2 -fPIC -Wall -Werror -dynamiclib -Wl,-install_name,/tmp/mkltest.so.0 _mkltmp1HVEKS.c -o _mkltmp1HVEKS.c.o  
DBG: Compile check ldsflagvs (): gcc  -gstrict-dwarf -O2 -fPIC -Wall -Werror -shared -Wl,--version-script=_mkltmpecZtbS _mkltmpYyltRD.c -o _mkltmpYyltRD.c.o  
DBG: compile check for ldsflagvs () failed: gcc  -gstrict-dwarf -O2 -fPIC -Wall -Werror -shared -Wl,--version-script=_mkltmpecZtbS _mkltmpYyltRD.c -o _mkltmpYyltRD.c.o  : ld: unknown option: --version-script=_mkltmpecZtbS
clang: error: linker command failed with exit code 1 (use -v to see invocation)
DBG: Check ldsflagvs (, action cont (originally cont)) failed: compile check failed:
CC: CC
flags: -shared -Wl,--version-script=_mkltmpecZtbS
gcc  -gstrict-dwarf -O2 -fPIC -Wall -Werror -shared -Wl,--version-script=_mkltmpecZtbS _mkltmpYyltRD.c -o _mkltmpYyltRD.c.o  :
ld: unknown option: --version-script=_mkltmpecZtbS
clang: error: linker command failed with exit code 1 (use -v to see invocation)
source: 
DBG: Compile check ldsflagm (): gcc  -gstrict-dwarf -O2 -fPIC -Wall -Werror -shared -Wl,-M_mkltmpecZtbS _mkltmpsEsDkj.c -o _mkltmpsEsDkj.c.o  
DBG: compile check for ldsflagm () failed: gcc  -gstrict-dwarf -O2 -fPIC -Wall -Werror -shared -Wl,-M_mkltmpecZtbS _mkltmpsEsDkj.c -o _mkltmpsEsDkj.c.o  : ld: unknown option: -M_mkltmpecZtbS
clang: error: linker command failed with exit code 1 (use -v to see invocation)
DBG: Check ldsflagm (, action ignore (originally ignore)) failed: compile check failed:
CC: CC
flags: -shared -Wl,-M_mkltmpecZtbS
gcc  -gstrict-dwarf -O2 -fPIC -Wall -Werror -shared -Wl,-M_mkltmpecZtbS _mkltmpsEsDkj.c -o _mkltmpsEsDkj.c.o  :
ld: unknown option: -M_mkltmpecZtbS
clang: error: linker command failed with exit code 1 (use -v to see invocation)
source: 
DBG: Compile check __atomic_32 (HAVE_ATOMICS_32): gcc  -gstrict-dwarf -O2 -fPIC -Wall -Werror  _mkltmpwR8oAd.c -o _mkltmpwR8oAd.c.o  
DBG: Compile check __atomic_64 (HAVE_ATOMICS_64): gcc  -gstrict-dwarf -O2 -fPIC -Wall -Werror  _mkltmpnjcNKI.c -o _mkltmpnjcNKI.c.o  
DBG: Compile check socket (): gcc  -gstrict-dwarf -O2 -fPIC -Wall -Wsign-compare -Wfloat-equal -Wpointer-arith -Wall -Werror  _mkltmplo1IQF.c -o _mkltmplo1IQF.c.o  
DBG: Compile check libpthread (): gcc  -gstrict-dwarf -O2 -fPIC -Wall -Wsign-compare -Wfloat-equal -Wpointer-arith -Wall -Werror -lpthread _mkltmpvktSQP.c -o _mkltmpvktSQP.c.o  
DBG: Compile check zlib (WITH_ZLIB): gcc  -gstrict-dwarf -O2 -fPIC -Wall -Wsign-compare -Wfloat-equal -Wpointer-arith -Wall -Werror -lz _mkltmpWcnVlz.c -o _mkltmpWcnVlz.c.o  
DBG: Compile check libcrypto (): gcc  -gstrict-dwarf -O2 -fPIC -Wall -Wsign-compare -Wfloat-equal -Wpointer-arith -Wall -Werror -lcrypto _mkltmpCoJC4U.c -o _mkltmpCoJC4U.c.o  
DBG: Compile check liblz4 (WITH_LZ4): gcc  -gstrict-dwarf -O2 -fPIC -Wall -Wsign-compare -Wfloat-equal -Wpointer-arith -Wall -Werror -llz4 _mkltmpnHTdED.c -o _mkltmpnHTdED.c.o  
DBG: compile check for liblz4 (WITH_LZ4) failed: gcc  -gstrict-dwarf -O2 -fPIC -Wall -Wsign-compare -Wfloat-equal -Wpointer-arith -Wall -Werror -llz4 _mkltmpnHTdED.c -o _mkltmpnHTdED.c.o  : _mkltmpnHTdED.c:1:10: fatal error: 'lz4frame.h' file not found
#include <lz4frame.h>
         ^
1 error generated.
DBG: Check liblz4 (WITH_LZ4, action disable (originally disable)) failed: compile check failed:
CC: CC
flags: -llz4
gcc  -gstrict-dwarf -O2 -fPIC -Wall -Wsign-compare -Wfloat-equal -Wpointer-arith -Wall -Werror -llz4 _mkltmpnHTdED.c -o _mkltmpnHTdED.c.o  :
_mkltmpnHTdED.c:1:10: fatal error: 'lz4frame.h' file not found
#include <lz4frame.h>
         ^
1 error generated.
source: #include <lz4frame.h>
DBG: Compile check libssl (WITH_SSL): gcc  -gstrict-dwarf -O2 -fPIC -Wall -Wsign-compare -Wfloat-equal -Wpointer-arith -Wall -Werror -lssl _mkltmpkEQVN5.c -o _mkltmpkEQVN5.c.o  
DBG: compile check for libssl (WITH_SSL) failed: gcc  -gstrict-dwarf -O2 -fPIC -Wall -Wsign-compare -Wfloat-equal -Wpointer-arith -Wall -Werror -lssl _mkltmpkEQVN5.c -o _mkltmpkEQVN5.c.o  : _mkltmpkEQVN5.c:1:10: fatal error: 'openssl/ssl.h' file not found
#include <openssl/ssl.h>
         ^
1 error generated.
DBG: Check libssl (WITH_SSL, action disable (originally disable)) failed: compile check failed:
CC: CC
flags: -lssl
gcc  -gstrict-dwarf -O2 -fPIC -Wall -Wsign-compare -Wfloat-equal -Wpointer-arith -Wall -Werror -lssl _mkltmpkEQVN5.c -o _mkltmpkEQVN5.c.o  :
_mkltmpkEQVN5.c:1:10: fatal error: 'openssl/ssl.h' file not found
#include <openssl/ssl.h>
         ^
1 error generated.
source: #include <openssl/ssl.h>
DBG: Compile check libsasl2 (WITH_SASL): gcc  -gstrict-dwarf -O2 -fPIC -Wall -Wsign-compare -Wfloat-equal -Wpointer-arith -Wall -Werror -lsasl2 _mkltmp6G7Okv.c -o _mkltmp6G7Okv.c.o  
DBG: Compile check regex (HAVE_REGEX): gcc  -gstrict-dwarf -O2 -fPIC -Wall -Wsign-compare -Wfloat-equal -Wpointer-arith -Wall -Werror  _mkltmpXhlYmd.c -o _mkltmpXhlYmd.c.o  
DBG: Compile check librt (): gcc  -gstrict-dwarf -O2 -fPIC -Wall -Wsign-compare -Wfloat-equal -Wpointer-arith -Wall -Werror -lrt _mkltmp4NqfSZ.c -o _mkltmp4NqfSZ.c.o  
DBG: compile check for librt () failed: gcc  -gstrict-dwarf -O2 -fPIC -Wall -Wsign-compare -Wfloat-equal -Wpointer-arith -Wall -Werror -lrt _mkltmp4NqfSZ.c -o _mkltmp4NqfSZ.c.o  : ld: library not found for -lrt
clang: error: linker command failed with exit code 1 (use -v to see invocation)
DBG: Check librt (, action cont (originally cont)) failed: compile check failed:
CC: CC
flags: -lrt
gcc  -gstrict-dwarf -O2 -fPIC -Wall -Wsign-compare -Wfloat-equal -Wpointer-arith -Wall -Werror -lrt _mkltmp4NqfSZ.c -o _mkltmp4NqfSZ.c.o  :
ld: library not found for -lrt
clang: error: linker command failed with exit code 1 (use -v to see invocation)
source: 
DBG: Compile check strndup (HAVE_STRNDUP): gcc  -gstrict-dwarf -O2 -fPIC -Wall -Wsign-compare -Wfloat-equal -Wpointer-arith -Wall -Werror  _mkltmpQhyEG6.c -o _mkltmpQhyEG6.c.o  
